<?xml version="1.0" encoding="UTF-8" ?>
<testsuites disabled="0" errors="0" failures="0" tests="4" time="10.354">
 <testsuite name="Landing Page Validation" timestamp="2020-05-13T13:12:09" hostname="localhost" time="6.48" errors="0" tests="2" skipped="0" disabled="0" failures="0">
  <testcase classname="Landing Page Validation" name="Validate URL" time="3.622" />
  <testcase classname="Landing Page Validation" name="Validate Title" time="2.856" />
 </testsuite>
 <testsuite name="Input Field" timestamp="2020-05-13T13:12:16" hostname="localhost" time="3.874" errors="0" tests="2" skipped="0" disabled="0" failures="0">
  <testcase classname="Input Field" name="input Field can receive data" time="0.195" />
  <testcase classname="Input Field" name="Button text changes to imput data" time="0.029" />
 </testsuite>
</testsuites>